<?xml version="1.0" encoding="UTF-8"?>
<!-- Generated by org.testng.reporters.JUnitReportReporter -->
<testsuite hostname="Lenovo" failures="0" tests="3" name="org.tcs.TestNG" time="0.018" errors="0" timestamp="13 Mar 2021 18:27:44 GMT" skipped="0">
  <testcase classname="org.tcs.TestNG" name="single3" time="0.005"/>
  <testcase classname="org.tcs.TestNG" name="Single1" time="0.007"/>
  <testcase classname="org.tcs.TestNG" name="single" time="0.006"/>
</testsuite> <!-- org.tcs.TestNG -->
