<?xml version="1.0" encoding="UTF-8"?>
<!-- Generated by org.testng.reporters.JUnitReportReporter -->
<testsuite hostname="Lenovo" failures="0" tests="4" name="org.tcs.Test1" time="42.616" errors="0" timestamp="14 Mar 2021 00:07:23 GMT" skipped="0">
  <testcase classname="org.tcs.Test1" name="tc2" time="7.725"/>
  <testcase classname="org.tcs.Test1" name="tc1" time="5.232"/>
  <testcase classname="org.tcs.Test1" name="tc2" time="6.646"/>
  <testcase classname="org.tcs.Test1" name="tc2" time="23.013"/>
</testsuite> <!-- org.tcs.Test1 -->
